<?xml version="1.0" encoding="UTF-8"?>
<!-- Generated by org.testng.reporters.JUnitXMLReporter -->
<testsuite hostname="DESKTOP-3I2DOO7" ignored="0" name="Command line test" tests="4" failures="0" timestamp="25 Jul 2022 17:25:28 GMT" time="0.058" errors="0">
  <testcase name="AppTest2" time="0.011" classname="qaclickacademy.Maven.AppiumTest"/>
  <testcase name="Appium" time="0.0" classname="qaclickacademy.Maven.AppiumTest"/>
  <testcase name="SeleniumTestCase" time="0.001" classname="qaclickacademy.Maven.SeleniumTest"/>
  <testcase name="TestCase2" time="0.0" classname="qaclickacademy.Maven.SeleniumTest"/>
</testsuite> <!-- Command line test -->
